<?xml version="1.0" encoding="UTF-8"?>
<!-- Generated by org.testng.reporters.JUnitReportReporter -->
<testsuite hostname="MHS-PM-057" name="Webservice.ExecuteTestSuite" tests="1" failures="0" timestamp="28 Feb 2018 08:42:00 GMT" time="2.546" errors="0">
  <testcase name="runSuite" time="2.546" classname="Webservice.ExecuteTestSuite"/>
</testsuite> <!-- Webservice.ExecuteTestSuite -->
